<?xml version="1.0" encoding="UTF-8"?>
<!-- Generated by org.testng.reporters.JUnitReportReporter -->
<testsuite hostname="TECH-LP-1353" failures="0" tests="1" name="Academy.verifyNavigationBar" time="0.042" errors="0" timestamp="2021-06-16T23:09:15 IST" skipped="0">
  <testcase classname="Academy.verifyNavigationBar" name="verifyBar" time="0.042"/>
  <system-out/>
</testsuite> <!-- Academy.verifyNavigationBar -->
