<?xml version="1.0" encoding="UTF-8"?>
<!-- Generated by org.testng.reporters.JUnitReportReporter -->
<testsuite hostname="TECH-LP-1353" failures="0" tests="2" name="Academy.HomePage" time="4.424" errors="0" timestamp="2021-06-23T20:57:18 IST" skipped="0">
  <testcase classname="Academy.HomePage" name="basePageNavigation" time="2.901"/>
  <system-out/>
  <testcase classname="Academy.HomePage" name="basePageNavigation" time="1.523"/>
  <system-out/>
</testsuite> <!-- Academy.HomePage -->
