<?xml version="1.0" encoding="UTF-8"?>
<!-- Generated by org.testng.reporters.JUnitReportReporter -->
<testsuite hostname="TECH-LP-1353" failures="0" tests="2" name="Academy.HomePage" time="4.490" errors="0" timestamp="2021-06-17T00:31:24 IST" skipped="0">
  <testcase classname="Academy.HomePage" name="basePageNavigation" time="1.707"/>
  <system-out/>
  <testcase classname="Academy.HomePage" name="basePageNavigation" time="2.783"/>
  <system-out/>
</testsuite> <!-- Academy.HomePage -->
