<?xml version="1.0" encoding="UTF-8"?>
<!-- Generated by org.testng.reporters.JUnitReportReporter -->
<testsuite hostname="TECH-LP-1353" failures="0" tests="1" name="Academy.verifyNavigationBar" time="0.059" errors="0" timestamp="2021-06-17T00:31:24 IST" skipped="0">
  <testcase classname="Academy.verifyNavigationBar" name="verifyBar" time="0.059"/>
  <system-out/>
</testsuite> <!-- Academy.verifyNavigationBar -->
